<?xml version="1.0" encoding="UTF-8"?>
<testsuite xmlns:xsi="http://www.w3.org/2001/XMLSchema-instance" xsi:noNamespaceSchemaLocation="https://maven.apache.org/surefire/maven-surefire-plugin/xsd/surefire-test-report.xsd" name="ai.aitia.mission_scheduler.mission_scheduler_provider.scheduler.SchedulerTest" time="0.045" tests="2" errors="0" skipped="0" failures="0">
  <properties>
    <property name="java.specification.version" value="19"/>
    <property name="sun.jnu.encoding" value="UTF-8"/>
    <property name="java.class.path" value="/home/s7rul/code/project/arrowhead-systems/our-systems/mission-scheduler/mission-scheduler-provider/target/test-classes:/home/s7rul/code/project/arrowhead-systems/our-systems/mission-scheduler/mission-scheduler-provider/target/classes:/home/s7rul/code/project/arrowhead-systems/our-systems/mission-scheduler/mission-scheduler-common/target/mission-scheduler-common-0.0.1.jar:/home/s7rul/code/project/arrowhead-systems/our-systems/mission-executor/mission-executor-common/target/mission-executor-common-0.0.1.jar:/home/s7rul/.m2/repository/ai/aitia/arrowhead-application-library-java-spring/4.4.0.2/arrowhead-application-library-java-spring-4.4.0.2.jar:/home/s7rul/.m2/repository/ai/aitia/arrowhead-core-common-essentials-java-spring/4.4.0.2/arrowhead-core-common-essentials-java-spring-4.4.0.2.jar:/home/s7rul/.m2/repository/org/springframework/boot/spring-boot-starter/2.6.2/spring-boot-starter-2.6.2.jar:/home/s7rul/.m2/repository/org/springframework/boot/spring-boot/2.6.2/spring-boot-2.6.2.jar:/home/s7rul/.m2/repository/org/springframework/boot/spring-boot-autoconfigure/2.6.2/spring-boot-autoconfigure-2.6.2.jar:/home/s7rul/.m2/repository/jakarta/annotation/jakarta.annotation-api/1.3.5/jakarta.annotation-api-1.3.5.jar:/home/s7rul/.m2/repository/org/springframework/spring-core/5.3.14/spring-core-5.3.14.jar:/home/s7rul/.m2/repository/org/springframework/spring-jcl/5.3.14/spring-jcl-5.3.14.jar:/home/s7rul/.m2/repository/org/yaml/snakeyaml/1.29/snakeyaml-1.29.jar:/home/s7rul/.m2/repository/org/springframework/boot/spring-boot-starter-web/2.6.2/spring-boot-starter-web-2.6.2.jar:/home/s7rul/.m2/repository/org/springframework/boot/spring-boot-starter-json/2.6.2/spring-boot-starter-json-2.6.2.jar:/home/s7rul/.m2/repository/com/fasterxml/jackson/core/jackson-databind/2.13.1/jackson-databind-2.13.1.jar:/home/s7rul/.m2/repository/com/fasterxml/jackson/core/jackson-annotations/2.13.1/jackson-annotations-2.13.1.jar:/home/s7rul/.m2/repository/com/fasterxml/jackson/core/jackson-core/2.13.1/jackson-core-2.13.1.jar:/home/s7rul/.m2/repository/com/fasterxml/jackson/datatype/jackson-datatype-jdk8/2.13.1/jackson-datatype-jdk8-2.13.1.jar:/home/s7rul/.m2/repository/com/fasterxml/jackson/datatype/jackson-datatype-jsr310/2.13.1/jackson-datatype-jsr310-2.13.1.jar:/home/s7rul/.m2/repository/com/fasterxml/jackson/module/jackson-module-parameter-names/2.13.1/jackson-module-parameter-names-2.13.1.jar:/home/s7rul/.m2/repository/org/springframework/boot/spring-boot-starter-tomcat/2.6.2/spring-boot-starter-tomcat-2.6.2.jar:/home/s7rul/.m2/repository/org/apache/tomcat/embed/tomcat-embed-core/9.0.56/tomcat-embed-core-9.0.56.jar:/home/s7rul/.m2/repository/org/apache/tomcat/embed/tomcat-embed-websocket/9.0.56/tomcat-embed-websocket-9.0.56.jar:/home/s7rul/.m2/repository/org/springframework/spring-web/5.3.14/spring-web-5.3.14.jar:/home/s7rul/.m2/repository/org/springframework/spring-beans/5.3.14/spring-beans-5.3.14.jar:/home/s7rul/.m2/repository/org/springframework/spring-webmvc/5.3.14/spring-webmvc-5.3.14.jar:/home/s7rul/.m2/repository/org/springframework/spring-expression/5.3.14/spring-expression-5.3.14.jar:/home/s7rul/.m2/repository/org/springframework/boot/spring-boot-starter-security/2.6.2/spring-boot-starter-security-2.6.2.jar:/home/s7rul/.m2/repository/org/springframework/spring-aop/5.3.14/spring-aop-5.3.14.jar:/home/s7rul/.m2/repository/org/springframework/security/spring-security-config/5.6.1/spring-security-config-5.6.1.jar:/home/s7rul/.m2/repository/org/springframework/security/spring-security-core/5.6.1/spring-security-core-5.6.1.jar:/home/s7rul/.m2/repository/org/springframework/security/spring-security-crypto/5.6.1/spring-security-crypto-5.6.1.jar:/home/s7rul/.m2/repository/org/springframework/security/spring-security-web/5.6.1/spring-security-web-5.6.1.jar:/home/s7rul/.m2/repository/org/springframework/boot/spring-boot-starter-validation/2.6.2/spring-boot-starter-validation-2.6.2.jar:/home/s7rul/.m2/repository/org/apache/tomcat/embed/tomcat-embed-el/9.0.56/tomcat-embed-el-9.0.56.jar:/home/s7rul/.m2/repository/org/hibernate/validator/hibernate-validator/6.2.0.Final/hibernate-validator-6.2.0.Final.jar:/home/s7rul/.m2/repository/jakarta/validation/jakarta.validation-api/2.0.2/jakarta.validation-api-2.0.2.jar:/home/s7rul/.m2/repository/org/jboss/logging/jboss-logging/3.4.2.Final/jboss-logging-3.4.2.Final.jar:/home/s7rul/.m2/repository/com/fasterxml/classmate/1.5.1/classmate-1.5.1.jar:/home/s7rul/.m2/repository/org/apache/httpcomponents/httpclient/4.5.13/httpclient-4.5.13.jar:/home/s7rul/.m2/repository/org/apache/httpcomponents/httpcore/4.4.15/httpcore-4.4.15.jar:/home/s7rul/.m2/repository/commons-codec/commons-codec/1.15/commons-codec-1.15.jar:/home/s7rul/.m2/repository/org/springframework/boot/spring-boot-starter-log4j2/2.6.2/spring-boot-starter-log4j2-2.6.2.jar:/home/s7rul/.m2/repository/org/apache/logging/log4j/log4j-slf4j-impl/2.17.0/log4j-slf4j-impl-2.17.0.jar:/home/s7rul/.m2/repository/org/apache/logging/log4j/log4j-api/2.17.0/log4j-api-2.17.0.jar:/home/s7rul/.m2/repository/org/apache/logging/log4j/log4j-core/2.17.0/log4j-core-2.17.0.jar:/home/s7rul/.m2/repository/org/apache/logging/log4j/log4j-jul/2.17.0/log4j-jul-2.17.0.jar:/home/s7rul/.m2/repository/org/slf4j/jul-to-slf4j/1.7.32/jul-to-slf4j-1.7.32.jar:/home/s7rul/.m2/repository/org/springframework/spring-websocket/5.3.14/spring-websocket-5.3.14.jar:/home/s7rul/.m2/repository/org/springframework/spring-context/5.3.14/spring-context-5.3.14.jar:/home/s7rul/.m2/repository/org/eclipse/paho/org.eclipse.paho.client.mqttv3/1.2.5/org.eclipse.paho.client.mqttv3-1.2.5.jar:/home/s7rul/.m2/repository/org/bitbucket/b_c/jose4j/0.6.5/jose4j-0.6.5.jar:/home/s7rul/.m2/repository/org/slf4j/slf4j-api/1.7.32/slf4j-api-1.7.32.jar:/home/s7rul/.m2/repository/org/bouncycastle/bcpkix-jdk15on/1.65/bcpkix-jdk15on-1.65.jar:/home/s7rul/.m2/repository/org/bouncycastle/bcprov-jdk15on/1.65/bcprov-jdk15on-1.65.jar:/home/s7rul/.m2/repository/org/junit/jupiter/junit-jupiter/5.8.2/junit-jupiter-5.8.2.jar:/home/s7rul/.m2/repository/org/junit/jupiter/junit-jupiter-api/5.8.2/junit-jupiter-api-5.8.2.jar:/home/s7rul/.m2/repository/org/opentest4j/opentest4j/1.2.0/opentest4j-1.2.0.jar:/home/s7rul/.m2/repository/org/junit/platform/junit-platform-commons/1.8.2/junit-platform-commons-1.8.2.jar:/home/s7rul/.m2/repository/org/apiguardian/apiguardian-api/1.1.2/apiguardian-api-1.1.2.jar:/home/s7rul/.m2/repository/org/junit/jupiter/junit-jupiter-params/5.8.2/junit-jupiter-params-5.8.2.jar:/home/s7rul/.m2/repository/org/junit/jupiter/junit-jupiter-engine/5.8.2/junit-jupiter-engine-5.8.2.jar:/home/s7rul/.m2/repository/org/junit/platform/junit-platform-engine/1.8.2/junit-platform-engine-1.8.2.jar:"/>
    <property name="java.vm.vendor" value="Oracle Corporation"/>
    <property name="sun.arch.data.model" value="64"/>
    <property name="java.vendor.url" value="https://openjdk.java.net/"/>
    <property name="os.name" value="Linux"/>
    <property name="java.vm.specification.version" value="19"/>
    <property name="sun.java.launcher" value="SUN_STANDARD"/>
    <property name="user.country" value="US"/>
    <property name="sun.boot.library.path" value="/usr/lib/jvm/java-19-openjdk/lib"/>
    <property name="sun.java.command" value="/home/s7rul/code/project/arrowhead-systems/our-systems/mission-scheduler/mission-scheduler-provider/target/surefire/surefirebooter15661624137976024073.jar /home/s7rul/code/project/arrowhead-systems/our-systems/mission-scheduler/mission-scheduler-provider/target/surefire 2022-11-18T11-39-52_198-jvmRun1 surefire3209833451867897668tmp surefire_06455729617284311785tmp"/>
    <property name="jdk.debug" value="release"/>
    <property name="surefire.test.class.path" value="/home/s7rul/code/project/arrowhead-systems/our-systems/mission-scheduler/mission-scheduler-provider/target/test-classes:/home/s7rul/code/project/arrowhead-systems/our-systems/mission-scheduler/mission-scheduler-provider/target/classes:/home/s7rul/code/project/arrowhead-systems/our-systems/mission-scheduler/mission-scheduler-common/target/mission-scheduler-common-0.0.1.jar:/home/s7rul/code/project/arrowhead-systems/our-systems/mission-executor/mission-executor-common/target/mission-executor-common-0.0.1.jar:/home/s7rul/.m2/repository/ai/aitia/arrowhead-application-library-java-spring/4.4.0.2/arrowhead-application-library-java-spring-4.4.0.2.jar:/home/s7rul/.m2/repository/ai/aitia/arrowhead-core-common-essentials-java-spring/4.4.0.2/arrowhead-core-common-essentials-java-spring-4.4.0.2.jar:/home/s7rul/.m2/repository/org/springframework/boot/spring-boot-starter/2.6.2/spring-boot-starter-2.6.2.jar:/home/s7rul/.m2/repository/org/springframework/boot/spring-boot/2.6.2/spring-boot-2.6.2.jar:/home/s7rul/.m2/repository/org/springframework/boot/spring-boot-autoconfigure/2.6.2/spring-boot-autoconfigure-2.6.2.jar:/home/s7rul/.m2/repository/jakarta/annotation/jakarta.annotation-api/1.3.5/jakarta.annotation-api-1.3.5.jar:/home/s7rul/.m2/repository/org/springframework/spring-core/5.3.14/spring-core-5.3.14.jar:/home/s7rul/.m2/repository/org/springframework/spring-jcl/5.3.14/spring-jcl-5.3.14.jar:/home/s7rul/.m2/repository/org/yaml/snakeyaml/1.29/snakeyaml-1.29.jar:/home/s7rul/.m2/repository/org/springframework/boot/spring-boot-starter-web/2.6.2/spring-boot-starter-web-2.6.2.jar:/home/s7rul/.m2/repository/org/springframework/boot/spring-boot-starter-json/2.6.2/spring-boot-starter-json-2.6.2.jar:/home/s7rul/.m2/repository/com/fasterxml/jackson/core/jackson-databind/2.13.1/jackson-databind-2.13.1.jar:/home/s7rul/.m2/repository/com/fasterxml/jackson/core/jackson-annotations/2.13.1/jackson-annotations-2.13.1.jar:/home/s7rul/.m2/repository/com/fasterxml/jackson/core/jackson-core/2.13.1/jackson-core-2.13.1.jar:/home/s7rul/.m2/repository/com/fasterxml/jackson/datatype/jackson-datatype-jdk8/2.13.1/jackson-datatype-jdk8-2.13.1.jar:/home/s7rul/.m2/repository/com/fasterxml/jackson/datatype/jackson-datatype-jsr310/2.13.1/jackson-datatype-jsr310-2.13.1.jar:/home/s7rul/.m2/repository/com/fasterxml/jackson/module/jackson-module-parameter-names/2.13.1/jackson-module-parameter-names-2.13.1.jar:/home/s7rul/.m2/repository/org/springframework/boot/spring-boot-starter-tomcat/2.6.2/spring-boot-starter-tomcat-2.6.2.jar:/home/s7rul/.m2/repository/org/apache/tomcat/embed/tomcat-embed-core/9.0.56/tomcat-embed-core-9.0.56.jar:/home/s7rul/.m2/repository/org/apache/tomcat/embed/tomcat-embed-websocket/9.0.56/tomcat-embed-websocket-9.0.56.jar:/home/s7rul/.m2/repository/org/springframework/spring-web/5.3.14/spring-web-5.3.14.jar:/home/s7rul/.m2/repository/org/springframework/spring-beans/5.3.14/spring-beans-5.3.14.jar:/home/s7rul/.m2/repository/org/springframework/spring-webmvc/5.3.14/spring-webmvc-5.3.14.jar:/home/s7rul/.m2/repository/org/springframework/spring-expression/5.3.14/spring-expression-5.3.14.jar:/home/s7rul/.m2/repository/org/springframework/boot/spring-boot-starter-security/2.6.2/spring-boot-starter-security-2.6.2.jar:/home/s7rul/.m2/repository/org/springframework/spring-aop/5.3.14/spring-aop-5.3.14.jar:/home/s7rul/.m2/repository/org/springframework/security/spring-security-config/5.6.1/spring-security-config-5.6.1.jar:/home/s7rul/.m2/repository/org/springframework/security/spring-security-core/5.6.1/spring-security-core-5.6.1.jar:/home/s7rul/.m2/repository/org/springframework/security/spring-security-crypto/5.6.1/spring-security-crypto-5.6.1.jar:/home/s7rul/.m2/repository/org/springframework/security/spring-security-web/5.6.1/spring-security-web-5.6.1.jar:/home/s7rul/.m2/repository/org/springframework/boot/spring-boot-starter-validation/2.6.2/spring-boot-starter-validation-2.6.2.jar:/home/s7rul/.m2/repository/org/apache/tomcat/embed/tomcat-embed-el/9.0.56/tomcat-embed-el-9.0.56.jar:/home/s7rul/.m2/repository/org/hibernate/validator/hibernate-validator/6.2.0.Final/hibernate-validator-6.2.0.Final.jar:/home/s7rul/.m2/repository/jakarta/validation/jakarta.validation-api/2.0.2/jakarta.validation-api-2.0.2.jar:/home/s7rul/.m2/repository/org/jboss/logging/jboss-logging/3.4.2.Final/jboss-logging-3.4.2.Final.jar:/home/s7rul/.m2/repository/com/fasterxml/classmate/1.5.1/classmate-1.5.1.jar:/home/s7rul/.m2/repository/org/apache/httpcomponents/httpclient/4.5.13/httpclient-4.5.13.jar:/home/s7rul/.m2/repository/org/apache/httpcomponents/httpcore/4.4.15/httpcore-4.4.15.jar:/home/s7rul/.m2/repository/commons-codec/commons-codec/1.15/commons-codec-1.15.jar:/home/s7rul/.m2/repository/org/springframework/boot/spring-boot-starter-log4j2/2.6.2/spring-boot-starter-log4j2-2.6.2.jar:/home/s7rul/.m2/repository/org/apache/logging/log4j/log4j-slf4j-impl/2.17.0/log4j-slf4j-impl-2.17.0.jar:/home/s7rul/.m2/repository/org/apache/logging/log4j/log4j-api/2.17.0/log4j-api-2.17.0.jar:/home/s7rul/.m2/repository/org/apache/logging/log4j/log4j-core/2.17.0/log4j-core-2.17.0.jar:/home/s7rul/.m2/repository/org/apache/logging/log4j/log4j-jul/2.17.0/log4j-jul-2.17.0.jar:/home/s7rul/.m2/repository/org/slf4j/jul-to-slf4j/1.7.32/jul-to-slf4j-1.7.32.jar:/home/s7rul/.m2/repository/org/springframework/spring-websocket/5.3.14/spring-websocket-5.3.14.jar:/home/s7rul/.m2/repository/org/springframework/spring-context/5.3.14/spring-context-5.3.14.jar:/home/s7rul/.m2/repository/org/eclipse/paho/org.eclipse.paho.client.mqttv3/1.2.5/org.eclipse.paho.client.mqttv3-1.2.5.jar:/home/s7rul/.m2/repository/org/bitbucket/b_c/jose4j/0.6.5/jose4j-0.6.5.jar:/home/s7rul/.m2/repository/org/slf4j/slf4j-api/1.7.32/slf4j-api-1.7.32.jar:/home/s7rul/.m2/repository/org/bouncycastle/bcpkix-jdk15on/1.65/bcpkix-jdk15on-1.65.jar:/home/s7rul/.m2/repository/org/bouncycastle/bcprov-jdk15on/1.65/bcprov-jdk15on-1.65.jar:/home/s7rul/.m2/repository/org/junit/jupiter/junit-jupiter/5.8.2/junit-jupiter-5.8.2.jar:/home/s7rul/.m2/repository/org/junit/jupiter/junit-jupiter-api/5.8.2/junit-jupiter-api-5.8.2.jar:/home/s7rul/.m2/repository/org/opentest4j/opentest4j/1.2.0/opentest4j-1.2.0.jar:/home/s7rul/.m2/repository/org/junit/platform/junit-platform-commons/1.8.2/junit-platform-commons-1.8.2.jar:/home/s7rul/.m2/repository/org/apiguardian/apiguardian-api/1.1.2/apiguardian-api-1.1.2.jar:/home/s7rul/.m2/repository/org/junit/jupiter/junit-jupiter-params/5.8.2/junit-jupiter-params-5.8.2.jar:/home/s7rul/.m2/repository/org/junit/jupiter/junit-jupiter-engine/5.8.2/junit-jupiter-engine-5.8.2.jar:/home/s7rul/.m2/repository/org/junit/platform/junit-platform-engine/1.8.2/junit-platform-engine-1.8.2.jar:"/>
    <property name="sun.cpu.endian" value="little"/>
    <property name="user.home" value="/home/s7rul"/>
    <property name="user.language" value="en"/>
    <property name="java.specification.vendor" value="Oracle Corporation"/>
    <property name="java.version.date" value="2022-10-18"/>
    <property name="java.home" value="/usr/lib/jvm/java-19-openjdk"/>
    <property name="file.separator" value="/"/>
    <property name="basedir" value="/home/s7rul/code/project/arrowhead-systems/our-systems/mission-scheduler/mission-scheduler-provider"/>
    <property name="java.vm.compressedOopsMode" value="Zero based"/>
    <property name="line.separator" value="&#10;"/>
    <property name="java.specification.name" value="Java Platform API Specification"/>
    <property name="java.vm.specification.vendor" value="Oracle Corporation"/>
    <property name="surefire.real.class.path" value="/home/s7rul/code/project/arrowhead-systems/our-systems/mission-scheduler/mission-scheduler-provider/target/surefire/surefirebooter15661624137976024073.jar"/>
    <property name="sun.management.compiler" value="HotSpot 64-Bit Tiered Compilers"/>
    <property name="java.runtime.version" value="19.0.1+10"/>
    <property name="user.name" value="s7rul"/>
    <property name="stdout.encoding" value="UTF-8"/>
    <property name="path.separator" value=":"/>
    <property name="os.version" value="5.15.78-1-MANJARO"/>
    <property name="java.runtime.name" value="OpenJDK Runtime Environment"/>
    <property name="file.encoding" value="UTF-8"/>
    <property name="java.vm.name" value="OpenJDK 64-Bit Server VM"/>
    <property name="localRepository" value="/home/s7rul/.m2/repository"/>
    <property name="java.vendor.url.bug" value="https://bugreport.java.com/bugreport/"/>
    <property name="java.io.tmpdir" value="/tmp"/>
    <property name="java.version" value="19.0.1"/>
    <property name="user.dir" value="/home/s7rul/code/project/arrowhead-systems/our-systems/mission-scheduler/mission-scheduler-provider"/>
    <property name="os.arch" value="amd64"/>
    <property name="java.vm.specification.name" value="Java Virtual Machine Specification"/>
    <property name="native.encoding" value="UTF-8"/>
    <property name="java.library.path" value="/usr/java/packages/lib:/usr/lib64:/lib64:/lib:/usr/lib"/>
    <property name="java.vm.info" value="mixed mode"/>
    <property name="stderr.encoding" value="UTF-8"/>
    <property name="java.vendor" value="N/A"/>
    <property name="java.vm.version" value="19.0.1+10"/>
    <property name="sun.io.unicode.encoding" value="UnicodeLittle"/>
    <property name="java.class.version" value="63.0"/>
  </properties>
  <testcase name="testAddingMissionDifferentPriority" classname="ai.aitia.mission_scheduler.mission_scheduler_provider.scheduler.SchedulerTest" time="0.031"/>
  <testcase name="testAddingMissionsSamePriority" classname="ai.aitia.mission_scheduler.mission_scheduler_provider.scheduler.SchedulerTest" time="0.001"/>
</testsuite>